<?xml version="1.0" encoding="UTF-8"?>
<!-- Generated by org.testng.reporters.JUnitReportReporter -->
<testsuite hostname="DESKTOP-1B36RB4" failures="0" tests="4" name="com.sumerge.Task1_2" time="0.191" errors="0" timestamp="2024-07-07T18:46:04 EEST" skipped="0">
  <testcase classname="com.sumerge.Task1_2" name="userNameIsExist" time="0.021"/>
  <testcase classname="com.sumerge.Task1_2" name="passwordIsExist" time="0.015"/>
  <testcase classname="com.sumerge.Task1_2" name="loginButtonIsExist" time="0.016"/>
  <testcase classname="com.sumerge.Task1_2" name="tryValidLogin" time="0.139"/>
</testsuite> <!-- com.sumerge.Task1_2 -->
