<?xml version="1.0" encoding="UTF-8"?>
<!-- Generated by org.testng.reporters.JUnitReportReporter -->
<testsuite hostname="DESKTOP-1B36RB4" failures="0" tests="2" name="com.sumerge.Task4" time="0.219" errors="0" timestamp="2024-07-07T18:46:04 EEST" skipped="0">
  <testcase classname="com.sumerge.Task4" name="tryEmptyUserName" time="0.120"/>
  <testcase classname="com.sumerge.Task4" name="tryEmptyPassword" time="0.099"/>
</testsuite> <!-- com.sumerge.Task4 -->
