<?xml version="1.0" encoding="UTF-8"?>
<!-- Generated by org.testng.reporters.JUnitReportReporter -->
<testsuite hostname="DESKTOP-1B36RB4" failures="0" tests="1" name="com.sumerge.Task3" time="0.133" errors="0" timestamp="2024-07-07T18:46:04 EEST" skipped="0">
  <testcase classname="com.sumerge.Task3" name="tryInvalidLogin" time="0.133"/>
</testsuite> <!-- com.sumerge.Task3 -->
